<?xml version="1.0" encoding="UTF-8"?>
<!-- Generated by org.testng.reporters.JUnitXMLReporter -->
<testsuite ignored="0" hostname="Jason" failures="0" tests="3" name="Submit Order Test" time="36.811" errors="0" timestamp="2024-03-26T23:10:19 EET">
  <testcase classname="rahulshettyacademy.tests.SubmitOrderTest" name="submitOrder" time="9.95"/>
  <testcase classname="rahulshettyacademy.tests.SubmitOrderTest" name="submitOrder" time="10.016"/>
  <testcase classname="rahulshettyacademy.tests.SubmitOrderTest" name="OrderHistoryTest" time="0.719"/>
</testsuite> <!-- Submit Order Test -->
